Arguments: 
  /Users/yanmeiyang/.nvm/versions/node/v8.16.2/bin/node /usr/local/Cellar/yarn/1.5.1_1/libexec/bin/yarn.js

PATH: 
  /Users/yanmeiyang/.nvm/versions/node/v8.16.2/bin:/Users/yanmeiyang/.nvm/versions/node/v8.16.2/bin:/Users/yanmeiyang/.nvm/versions/node/v8.16.2/bin:/Users/yanmeiyang/.nvm/versions/node/v8.16.2/bin:/usr/local/bin:/usr/bin:/bin:/usr/sbin:/sbin:/Users/yanmeiyang/.nvm/versions/node/v8.16.2/bin

Yarn version: 
  1.5.1

Node version: 
  8.16.2

Platform: 
  darwin x64

npm manifest: 
  {
    "name": "scriptPro",
    "version": "1.0.0",
    "main": "index.js",
    "description": "toolbox,curl,download",
    "license": "MIT",
    "dependencies": {
      "aria2": "^4.1.0",
      "got": "^11.0.2"
    }
  }

yarn manifest: 
  No manifest

Lockfile: 
  # THIS IS AN AUTOGENERATED FILE. DO NOT EDIT THIS FILE DIRECTLY.
  # yarn lockfile v1
  
  
  "@sindresorhus/is@^2.1.0":
    version "2.1.1"
    resolved "https://registry.npm.taobao.org/@sindresorhus/is/download/@sindresorhus/is-2.1.1.tgz#ceff6a28a5b4867c2dd4a1ba513de278ccbe8bb1"
  
  "@szmarczak/http-timer@^4.0.0":
    version "4.0.5"
    resolved "https://registry.npm.taobao.org/@szmarczak/http-timer/download/@szmarczak/http-timer-4.0.5.tgz#bfbd50211e9dfa51ba07da58a14cdfd333205152"
    dependencies:
      defer-to-connect "^2.0.0"
  
  "@types/cacheable-request@^6.0.1":
    version "6.0.1"
    resolved "https://registry.npm.taobao.org/@types/cacheable-request/download/@types/cacheable-request-6.0.1.tgz#5d22f3dded1fd3a84c0bbeb5039a7419c2c91976"
    dependencies:
      "@types/http-cache-semantics" "*"
      "@types/keyv" "*"
      "@types/node" "*"
      "@types/responselike" "*"
  
  "@types/http-cache-semantics@*":
    version "4.0.0"
    resolved "https://registry.npm.taobao.org/@types/http-cache-semantics/download/@types/http-cache-semantics-4.0.0.tgz#9140779736aa2655635ee756e2467d787cfe8a2a"
  
  "@types/keyv@*":
    version "3.1.1"
    resolved "https://registry.npm.taobao.org/@types/keyv/download/@types/keyv-3.1.1.tgz#e45a45324fca9dab716ab1230ee249c9fb52cfa7"
    dependencies:
      "@types/node" "*"
  
  "@types/node@*":
    version "13.13.2"
    resolved "https://registry.npm.taobao.org/@types/node/download/@types/node-13.13.2.tgz#160d82623610db590a64e8ca81784e11117e5a54"
  
  "@types/responselike@*", "@types/responselike@^1.0.0":
    version "1.0.0"
    resolved "https://registry.npm.taobao.org/@types/responselike/download/@types/responselike-1.0.0.tgz#251f4fe7d154d2bad125abe1b429b23afd262e29"
    dependencies:
      "@types/node" "*"
  
  aria2@^4.1.0:
    version "4.1.0"
    resolved "https://registry.yarnpkg.com/aria2/-/aria2-4.1.0.tgz#d9511e2e944e40549b0996ec6b345c4ce0ecd284"
    dependencies:
      commander "^3.0.1"
      node-fetch "^2.6.0"
      ws "^7.1.2"
  
  cacheable-lookup@^4.1.1:
    version "4.1.2"
    resolved "https://registry.npm.taobao.org/cacheable-lookup/download/cacheable-lookup-4.1.2.tgz#07c90b15910d4a5be6f3fa1a0ce73dfb9c192dc9"
  
  cacheable-request@^7.0.1:
    version "7.0.1"
    resolved "https://registry.npm.taobao.org/cacheable-request/download/cacheable-request-7.0.1.tgz#062031c2856232782ed694a257fa35da93942a58"
    dependencies:
      clone-response "^1.0.2"
      get-stream "^5.1.0"
      http-cache-semantics "^4.0.0"
      keyv "^4.0.0"
      lowercase-keys "^2.0.0"
      normalize-url "^4.1.0"
      responselike "^2.0.0"
  
  clone-response@^1.0.2:
    version "1.0.2"
    resolved "https://registry.npm.taobao.org/clone-response/download/clone-response-1.0.2.tgz#d1dc973920314df67fbeb94223b4ee350239e96b"
    dependencies:
      mimic-response "^1.0.0"
  
  commander@^3.0.1:
    version "3.0.2"
    resolved "https://registry.yarnpkg.com/commander/-/commander-3.0.2.tgz#6837c3fb677ad9933d1cfba42dd14d5117d6b39e"
  
  decompress-response@^5.0.0:
    version "5.0.0"
    resolved "https://registry.npm.taobao.org/decompress-response/download/decompress-response-5.0.0.tgz?cache=0&sync_timestamp=1572616719270&other_urls=https%3A%2F%2Fregistry.npm.taobao.org%2Fdecompress-response%2Fdownload%2Fdecompress-response-5.0.0.tgz#7849396e80e3d1eba8cb2f75ef4930f76461cb0f"
    dependencies:
      mimic-response "^2.0.0"
  
  defer-to-connect@^2.0.0:
    version "2.0.0"
    resolved "https://registry.npm.taobao.org/defer-to-connect/download/defer-to-connect-2.0.0.tgz?cache=0&sync_timestamp=1580234632952&other_urls=https%3A%2F%2Fregistry.npm.taobao.org%2Fdefer-to-connect%2Fdownload%2Fdefer-to-connect-2.0.0.tgz#83d6b199db041593ac84d781b5222308ccf4c2c1"
  
  end-of-stream@^1.1.0:
    version "1.4.4"
    resolved "https://registry.npm.taobao.org/end-of-stream/download/end-of-stream-1.4.4.tgz#5ae64a5f45057baf3626ec14da0ca5e4b2431eb0"
    dependencies:
      once "^1.4.0"
  
  get-stream@^5.0.0, get-stream@^5.1.0:
    version "5.1.0"
    resolved "https://registry.npm.taobao.org/get-stream/download/get-stream-5.1.0.tgz#01203cdc92597f9b909067c3e656cc1f4d3c4dc9"
    dependencies:
      pump "^3.0.0"
  
  got@^11.0.2:
    version "11.0.2"
    resolved "https://registry.npm.taobao.org/got/download/got-11.0.2.tgz?cache=0&sync_timestamp=1587547317904&other_urls=https%3A%2F%2Fregistry.npm.taobao.org%2Fgot%2Fdownload%2Fgot-11.0.2.tgz#55613d6a1b7040ff9c26cb075defea39eed58d7a"
    dependencies:
      "@sindresorhus/is" "^2.1.0"
      "@szmarczak/http-timer" "^4.0.0"
      "@types/cacheable-request" "^6.0.1"
      "@types/responselike" "^1.0.0"
      cacheable-lookup "^4.1.1"
      cacheable-request "^7.0.1"
      decompress-response "^5.0.0"
      get-stream "^5.0.0"
      http2-wrapper "^1.0.0-beta.4.4"
      lowercase-keys "^2.0.0"
      p-cancelable "^2.0.0"
      responselike "^2.0.0"
  
  http-cache-semantics@^4.0.0:
    version "4.1.0"
    resolved "https://registry.npm.taobao.org/http-cache-semantics/download/http-cache-semantics-4.1.0.tgz?cache=0&sync_timestamp=1583108120479&other_urls=https%3A%2F%2Fregistry.npm.taobao.org%2Fhttp-cache-semantics%2Fdownload%2Fhttp-cache-semantics-4.1.0.tgz#49e91c5cbf36c9b94bcfcd71c23d5249ec74e390"
  
  http2-wrapper@^1.0.0-beta.4.4:
    version "1.0.0-beta.4.4"
    resolved "https://registry.npm.taobao.org/http2-wrapper/download/http2-wrapper-1.0.0-beta.4.4.tgz#6e1c71b5ddff3037ce16053b20d1044b1e8c0df5"
    dependencies:
      quick-lru "^5.0.0"
      resolve-alpn "^1.0.0"
  
  json-buffer@3.0.1:
    version "3.0.1"
    resolved "https://registry.npm.taobao.org/json-buffer/download/json-buffer-3.0.1.tgz#9338802a30d3b6605fbe0613e094008ca8c05a13"
  
  keyv@^4.0.0:
    version "4.0.0"
    resolved "https://registry.npm.taobao.org/keyv/download/keyv-4.0.0.tgz?cache=0&sync_timestamp=1573883570656&other_urls=https%3A%2F%2Fregistry.npm.taobao.org%2Fkeyv%2Fdownload%2Fkeyv-4.0.0.tgz#2d1dab694926b2d427e4c74804a10850be44c12f"
    dependencies:
      json-buffer "3.0.1"
  
  lowercase-keys@^2.0.0:
    version "2.0.0"
    resolved "https://registry.npm.taobao.org/lowercase-keys/download/lowercase-keys-2.0.0.tgz#2603e78b7b4b0006cbca2fbcc8a3202558ac9479"
  
  mimic-response@^1.0.0:
    version "1.0.1"
    resolved "https://registry.npm.taobao.org/mimic-response/download/mimic-response-1.0.1.tgz?cache=0&other_urls=https%3A%2F%2Fregistry.npm.taobao.org%2Fmimic-response%2Fdownload%2Fmimic-response-1.0.1.tgz#4923538878eef42063cb8a3e3b0798781487ab1b"
  
  mimic-response@^2.0.0:
    version "2.1.0"
    resolved "https://registry.npm.taobao.org/mimic-response/download/mimic-response-2.1.0.tgz?cache=0&other_urls=https%3A%2F%2Fregistry.npm.taobao.org%2Fmimic-response%2Fdownload%2Fmimic-response-2.1.0.tgz#d13763d35f613d09ec37ebb30bac0469c0ee8f43"
  
  node-fetch@^2.6.0:
    version "2.6.0"
    resolved "https://registry.yarnpkg.com/node-fetch/-/node-fetch-2.6.0.tgz#e633456386d4aa55863f676a7ab0daa8fdecb0fd"
  
  normalize-url@^4.1.0:
    version "4.5.0"
    resolved "https://registry.npm.taobao.org/normalize-url/download/normalize-url-4.5.0.tgz#453354087e6ca96957bd8f5baf753f5982142129"
  
  once@^1.3.1, once@^1.4.0:
    version "1.4.0"
    resolved "https://registry.npm.taobao.org/once/download/once-1.4.0.tgz#583b1aa775961d4b113ac17d9c50baef9dd76bd1"
    dependencies:
      wrappy "1"
  
  p-cancelable@^2.0.0:
    version "2.0.0"
    resolved "https://registry.npm.taobao.org/p-cancelable/download/p-cancelable-2.0.0.tgz#4a3740f5bdaf5ed5d7c3e34882c6fb5d6b266a6e"
  
  pump@^3.0.0:
    version "3.0.0"
    resolved "https://registry.npm.taobao.org/pump/download/pump-3.0.0.tgz#b4a2116815bde2f4e1ea602354e8c75565107a64"
    dependencies:
      end-of-stream "^1.1.0"
      once "^1.3.1"
  
  quick-lru@^5.0.0:
    version "5.1.0"
    resolved "https://registry.npm.taobao.org/quick-lru/download/quick-lru-5.1.0.tgz?cache=0&sync_timestamp=1586159897557&other_urls=https%3A%2F%2Fregistry.npm.taobao.org%2Fquick-lru%2Fdownload%2Fquick-lru-5.1.0.tgz#1602f339bde554c4dace47880227ec9c2869f2e8"
  
  resolve-alpn@^1.0.0:
    version "1.0.0"
    resolved "https://registry.npm.taobao.org/resolve-alpn/download/resolve-alpn-1.0.0.tgz#745ad60b3d6aff4b4a48e01b8c0bdc70959e0e8c"
  
  responselike@^2.0.0:
    version "2.0.0"
    resolved "https://registry.npm.taobao.org/responselike/download/responselike-2.0.0.tgz?cache=0&sync_timestamp=1570573217730&other_urls=https%3A%2F%2Fregistry.npm.taobao.org%2Fresponselike%2Fdownload%2Fresponselike-2.0.0.tgz#26391bcc3174f750f9a79eacc40a12a5c42d7723"
    dependencies:
      lowercase-keys "^2.0.0"
  
  wrappy@1:
    version "1.0.2"
    resolved "https://registry.npm.taobao.org/wrappy/download/wrappy-1.0.2.tgz#b5243d8f3ec1aa35f1364605bc0d1036e30ab69f"
  
  ws@^7.1.2:
    version "7.3.0"
    resolved "https://registry.yarnpkg.com/ws/-/ws-7.3.0.tgz#4b2f7f219b3d3737bc1a2fbf145d825b94d38ffd"

Trace: 
  Error: Found incompatible module
      at new MessageError (/usr/local/Cellar/yarn/1.5.1_1/libexec/lib/cli.js:186:110)
      at checkOne (/usr/local/Cellar/yarn/1.5.1_1/libexec/lib/cli.js:62444:11)
      at Object.check (/usr/local/Cellar/yarn/1.5.1_1/libexec/lib/cli.js:62463:5)
      at /usr/local/Cellar/yarn/1.5.1_1/libexec/lib/cli.js:22803:73
      at Generator.next (<anonymous>)
      at step (/usr/local/Cellar/yarn/1.5.1_1/libexec/lib/cli.js:98:30)
      at /usr/local/Cellar/yarn/1.5.1_1/libexec/lib/cli.js:109:13
      at <anonymous>
